Case #1: CAB
Case #2: MJA
Case #3: OCDE
Case #4: BBAAA
Case #5: CCCABBBAB
Case #6: CCCBAABAB
Case #7: ZXCASDQWE
Case #8: CCCCCBBBBBAAAAA
Case #9: CBA
Case #10: MMJADABCEFGHIKL
Case #11: BAAA
Case #12: CCCCCCCBAABBAAA
Case #13: CCCCCBBBBBAAAAA
Case #14: BB
Case #15: MMBCDGILAKJHFEA
Case #16: CCCCBAAAABABAAA
Case #17: OBCLEFGHIJKDMNA
Case #18: CCCABABBBBBBAAA
Case #19: BBB
Case #20: BBBBBAAAAAAAA
Case #21: CBBBBAAAAAAAB
Case #22: BAA
Case #23: CAB
Case #24: BBA
Case #25: DCCBAAAAABBCC
Case #26: CBBBBAAAAABAA
Case #27: ONJHGBCDEFIKAML
Case #28: ZEDCBAYXWU
Case #29: CCCCCBBBBAAAAAB
Case #30: CCCCCBBBBABAAAA
Case #31: ONBCDKFAHJELIMG
Case #32: CCCCCBBBBBAAAAA
Case #33: BBA
Case #34: CBA
Case #35: ZACBA
Case #36: DDDCBAAAABABC
Case #37: CCCCCCABABABBAA
Case #38: ZADBC
Case #39: OMNLCJIHGDEFKBA
Case #40: ONMLBCDEJHIKFGA
Case #41: ONIELKMHDBJACFG
Case #42: XXKHLKBPLWMHGRM
Case #43: BA
Case #44: DCBBAAAAAAACB
Case #45: CCCCCBBBBBAAAAA
Case #46: ZABYCXDWEU
Case #47: CCCCCBABBABBBBA
Case #48: CCCCCCAABABABBB
Case #49: CCCCCCABBBBBBAA
Case #50: ZDCBA
Case #51: ZXSKDFGHBSSBQKF
Case #52: ZYSSPNFBLJMGFXQ
Case #53: CCCCCCCAABBABBA
Case #54: CCCCCBBABAABBAA
Case #55: OFNIKDMCGEHJLBA
Case #56: ONMHDBGJIKCAELF
Case #57: BAAA
Case #58: ZDABC
Case #59: CBA
Case #60: BAAA
Case #61: ZZRBNVRMBDNBJGQ
Case #62: CCCCCCCCBABABBA
Case #63: CBBBBBAAAAAABB
Case #64: DCBBBAAAABBCB
Case #65: MMKAHFDABCEGIJL
Case #66: MMLJIHGECABDFKA
Case #67: MMLIEDBAAKJHGFC
Case #68: MMDFGHIALKJECBA
Case #69: CCCCCBBAAABABBA
Case #70: Z
Case #71: AAA
Case #72: CCCCCCBABAAABBB
Case #73: BAAA
Case #74: ZRHNTKXHQMXYJKK
Case #75: CCCCAABBAABABBA
Case #76: ZABCD
Case #77: AA
Case #78: CCCCCCCCCBABBAB
Case #79: BAA
Case #80: CCCCCBBBBBAAAAA
Case #81: RRBAACADABA
Case #82: CCCCCCCCAAABAAA
Case #83: BBA
Case #84: DDCCCBBABBABC
Case #85: CCCCCCABAAABBAB
Case #86: CCCCCABBBBAAABA
Case #87: A
Case #88: ZAAAA
Case #89: CCCBAAAABBBBBAB
Case #90: ZAYBXCWDUE
Case #91: CCBBBAAAAAAAA
Case #92: ONMLKIBCDEAHGFJ
Case #93: CCCCCCCCCBABABB
Case #94: ONFDLBJIHGAECKM
Case #95: CCCCCBBBBBAAAAA
Case #96: CBA
Case #97: BAA
Case #98: BA
Case #99: CCCCCBBBBBAAAAA
Case #100: CCCCCBAAAAABA
