Case #1: A | 0
B | 0
C | 0
D | 0
E | 2
F | 0
G | 0
H | 0
I | 0
J | 0
K | 0
L | 0
M | 0
N | 1
O | 3
P | 0
Q | 0
R | 1
S | 0
T | 1
U | 0
V | 0
W | 1
X | 0
Y | 0
Z | 1
012
Case #2: A | 0
B | 0
C | 0
D | 0
E | 1
F | 1
G | 1
H | 1
I | 2
J | 0
K | 0
L | 0
M | 0
N | 0
O | 2
P | 0
Q | 0
R | 1
S | 1
T | 2
U | 1
V | 0
W | 1
X | 1
Y | 0
Z | 0
2468
Case #3: A | 0
B | 0
C | 0
D | 0
E | 2
F | 1
G | 0
H | 0
I | 0
J | 0
K | 0
L | 0
M | 0
N | 2
O | 3
P | 0
Q | 0
R | 1
S | 0
T | 0
U | 1
V | 0
W | 0
X | 0
Y | 0
Z | 0
114
Case #4: A | 0
B | 0
C | 0
D | 0
E | 2
F | 0
G | 0
H | 1
I | 0
J | 0
K | 0
L | 0
M | 0
N | 0
O | 0
P | 0
Q | 0
R | 1
S | 0
T | 1
U | 0
V | 0
W | 0
X | 0
Y | 0
Z | 0
3
Case #5: A | 0
B | 0
C | 0
D | 0
E | 1
F | 0
G | 0
H | 0
I | 0
J | 0
K | 0
L | 0
M | 0
N | 1
O | 6
P | 0
Q | 0
R | 0
S | 0
T | 5
U | 0
V | 0
W | 5
X | 0
Y | 0
Z | 0
122222
Case #6: A | 0
B | 0
C | 0
D | 0
E | 5
F | 0
G | 0
H | 0
I | 4
J | 0
K | 0
L | 0
M | 0
N | 9
O | 1
P | 0
Q | 0
R | 0
S | 0
T | 0
U | 0
V | 0
W | 0
X | 0
Y | 0
Z | 0
19999
Case #7: A | 0
B | 0
C | 0
D | 0
E | 5
F | 1
G | 0
H | 0
I | 2
J | 0
K | 0
L | 0
M | 0
N | 4
O | 1
P | 0
Q | 0
R | 0
S | 1
T | 0
U | 0
V | 2
W | 0
X | 0
Y | 0
Z | 0
1579
Case #8: A | 0
B | 0
C | 0
D | 0
E | 5
F | 0
G | 0
H | 1
I | 2
J | 0
K | 0
L | 0
M | 0
N | 3
O | 0
P | 0
Q | 0
R | 1
S | 2
T | 1
U | 0
V | 1
W | 0
X | 1
Y | 0
Z | 0
3679
Case #9: A | 0
B | 0
C | 0
D | 0
E | 4
F | 1
G | 0
H | 0
I | 1
J | 0
K | 0
L | 0
M | 0
N | 2
O | 2
P | 0
Q | 0
R | 0
S | 1
T | 1
U | 0
V | 2
W | 1
X | 0
Y | 0
Z | 0
115
Case #10: A | 0
B | 0
C | 0
D | 0
E | 2
F | 1
G | 0
H | 0
I | 1
J | 0
K | 0
L | 0
M | 0
N | 3
O | 2
P | 0
Q | 0
R | 1
S | 0
T | 0
U | 1
V | 0
W | 0
X | 0
Y | 0
Z | 0
11
Case #11: A | 0
B | 0
C | 0
D | 0
E | 1
F | 0
G | 0
H | 0
I | 0
J | 0
K | 0
L | 0
M | 0
N | 0
O | 1
P | 0
Q | 0
R | 1
S | 0
T | 0
U | 0
V | 0
W | 0
X | 0
Y | 0
Z | 1
0
Case #12: A | 0
B | 0
C | 0
D | 0
E | 3
F | 0
G | 0
H | 0
I | 2
J | 0
K | 0
L | 0
M | 0
N | 5
O | 2
P | 0
Q | 0
R | 0
S | 0
T | 1
U | 0
V | 0
W | 1
X | 0
Y | 0
Z | 0
119
Case #13: A | 0
B | 0
C | 0
D | 0
E | 4
F | 0
G | 0
H | 0
I | 0
J | 0
K | 0
L | 0
M | 0
N | 4
O | 6
P | 0
Q | 0
R | 0
S | 0
T | 2
U | 0
V | 0
W | 2
X | 0
Y | 0
Z | 0
111122
Case #14: A | 0
B | 0
C | 0
D | 0
E | 4
F | 0
G | 0
H | 0
I | 0
J | 0
K | 0
L | 0
M | 0
N | 2
O | 0
P | 0
Q | 0
R | 0
S | 2
T | 0
U | 0
V | 2
W | 0
X | 0
Y | 0
Z | 0
77
Case #15: A | 0
B | 0
C | 0
D | 0
E | 3
F | 3
G | 0
H | 0
I | 4
J | 0
K | 0
L | 0
M | 0
N | 2
O | 1
P | 0
Q | 0
R | 1
S | 1
T | 0
U | 1
V | 2
W | 0
X | 1
Y | 0
Z | 0
1556
Case #16: A | 0
B | 0
C | 0
D | 0
E | 0
F | 1
G | 0
H | 0
I | 0
J | 0
K | 0
L | 0
M | 0
N | 0
O | 1
P | 0
Q | 0
R | 1
S | 0
T | 0
U | 1
V | 0
W | 0
X | 0
Y | 0
Z | 0
4
Case #17: A | 0
B | 0
C | 0
D | 0
E | 4
F | 0
G | 0
H | 0
I | 1
J | 0
K | 0
L | 0
M | 0
N | 3
O | 2
P | 0
Q | 0
R | 1
S | 1
T | 1
U | 0
V | 1
W | 1
X | 0
Y | 0
Z | 1
017
Case #18: A | 0
B | 0
C | 0
D | 0
E | 1
F | 0
G | 0
H | 0
I | 1
J | 0
K | 0
L | 0
M | 0
N | 2
O | 0
P | 0
Q | 0
R | 0
S | 0
T | 0
U | 0
V | 0
W | 0
X | 0
Y | 0
Z | 0
9
Case #19: A | 0
B | 0
C | 0
D | 0
E | 5
F | 0
G | 0
H | 0
I | 0
J | 0
K | 0
L | 0
M | 0
N | 5
O | 6
P | 0
Q | 0
R | 0
S | 0
T | 1
U | 0
V | 0
W | 1
X | 0
Y | 0
Z | 0
111112
Case #20: A | 0
B | 0
C | 0
D | 0
E | 4
F | 2
G | 0
H | 0
I | 2
J | 0
K | 0
L | 0
M | 0
N | 0
O | 2
P | 0
Q | 0
R | 2
S | 0
T | 0
U | 0
V | 2
W | 0
X | 0
Y | 0
Z | 2
0055
Case #21: A | 0
B | 0
C | 0
D | 0
E | 1
F | 0
G | 1
H | 1
I | 1
J | 0
K | 0
L | 0
M | 0
N | 0
O | 0
P | 0
Q | 0
R | 0
S | 0
T | 1
U | 0
V | 0
W | 0
X | 0
Y | 0
Z | 0
8
Case #22: A | 0
B | 0
C | 0
D | 0
E | 4
F | 0
G | 0
H | 0
I | 0
J | 0
K | 0
L | 0
M | 0
N | 2
O | 0
P | 0
Q | 0
R | 0
S | 2
T | 0
U | 0
V | 2
W | 0
X | 0
Y | 0
Z | 0
77
Case #23: A | 0
B | 0
C | 0
D | 0
E | 6
F | 1
G | 0
H | 0
I | 2
J | 0
K | 0
L | 0
M | 0
N | 4
O | 2
P | 0
Q | 0
R | 1
S | 1
T | 0
U | 0
V | 2
W | 0
X | 0
Y | 0
Z | 1
01579
Case #24: A | 0
B | 0
C | 0
D | 0
E | 4
F | 1
G | 0
H | 1
I | 1
J | 0
K | 0
L | 0
M | 0
N | 0
O | 1
P | 0
Q | 0
R | 2
S | 0
T | 1
U | 0
V | 1
W | 0
X | 0
Y | 0
Z | 1
035
Case #25: A | 0
B | 0
C | 0
D | 0
E | 5
F | 0
G | 0
H | 0
I | 3
J | 0
K | 0
L | 0
M | 0
N | 8
O | 2
P | 0
Q | 0
R | 0
S | 0
T | 0
U | 0
V | 0
W | 0
X | 0
Y | 0
Z | 0
11999
Case #26: A | 0
B | 0
C | 0
D | 0
E | 1
F | 1
G | 0
H | 0
I | 1
J | 0
K | 0
L | 0
M | 0
N | 2
O | 1
P | 0
Q | 0
R | 1
S | 0
T | 0
U | 1
V | 0
W | 0
X | 0
Y | 0
Z | 0
1
Case #27: A | 0
B | 0
C | 0
D | 0
E | 1
F | 1
G | 0
H | 0
I | 1
J | 0
K | 0
L | 0
M | 0
N | 0
O | 0
P | 0
Q | 0
R | 0
S | 0
T | 0
U | 0
V | 1
W | 0
X | 0
Y | 0
Z | 0
5
Case #28: A | 0
B | 0
C | 0
D | 0
E | 3
F | 0
G | 0
H | 1
I | 0
J | 0
K | 0
L | 0
M | 0
N | 1
O | 1
P | 0
Q | 0
R | 1
S | 0
T | 1
U | 0
V | 0
W | 0
X | 0
Y | 0
Z | 0
13
Case #29: A | 0
B | 0
C | 0
D | 0
E | 3
F | 0
G | 0
H | 0
I | 0
J | 0
K | 0
L | 0
M | 0
N | 3
O | 6
P | 0
Q | 0
R | 0
S | 0
T | 3
U | 0
V | 0
W | 3
X | 0
Y | 0
Z | 0
111222
Case #30: A | 0
B | 0
C | 0
D | 0
E | 1
F | 0
G | 1
H | 1
I | 1
J | 0
K | 0
L | 0
M | 0
N | 0
O | 1
P | 0
Q | 0
R | 0
S | 0
T | 2
U | 0
V | 0
W | 1
X | 0
Y | 0
Z | 0
28
Case #31: A | 0
B | 0
C | 0
D | 0
E | 2
F | 0
G | 0
H | 0
I | 1
J | 0
K | 0
L | 0
M | 0
N | 1
O | 0
P | 0
Q | 0
R | 0
S | 2
T | 0
U | 0
V | 1
W | 0
X | 1
Y | 0
Z | 0
67
Case #32: A | 0
B | 0
C | 0
D | 0
E | 2
F | 0
G | 0
H | 0
I | 0
J | 0
K | 0
L | 0
M | 0
N | 0
O | 2
P | 0
Q | 0
R | 2
S | 0
T | 0
U | 0
V | 0
W | 0
X | 0
Y | 0
Z | 2
00
Case #33: A | 0
B | 0
C | 0
D | 0
E | 1
F | 0
G | 0
H | 0
I | 0
J | 0
K | 0
L | 0
M | 0
N | 1
O | 1
P | 0
Q | 0
R | 0
S | 0
T | 0
U | 0
V | 0
W | 0
X | 0
Y | 0
Z | 0
1
Case #34: A | 0
B | 0
C | 0
D | 0
E | 4
F | 1
G | 0
H | 0
I | 2
J | 0
K | 0
L | 0
M | 0
N | 3
O | 2
P | 0
Q | 0
R | 1
S | 0
T | 0
U | 0
V | 1
W | 0
X | 0
Y | 0
Z | 1
0159
Case #35: A | 0
B | 0
C | 0
D | 0
E | 5
F | 1
G | 0
H | 1
I | 0
J | 0
K | 0
L | 0
M | 0
N | 1
O | 2
P | 0
Q | 0
R | 3
S | 1
T | 1
U | 1
V | 1
W | 0
X | 0
Y | 0
Z | 1
013
Case #36: A | 0
B | 0
C | 0
D | 0
E | 3
F | 3
G | 0
H | 0
I | 1
J | 0
K | 0
L | 0
M | 0
N | 1
O | 2
P | 0
Q | 0
R | 2
S | 1
T | 0
U | 2
V | 2
W | 0
X | 0
Y | 0
Z | 0
145
Case #37: A | 0
B | 0
C | 0
D | 0
E | 5
F | 0
G | 0
H | 0
I | 0
J | 0
K | 0
L | 0
M | 0
N | 0
O | 5
P | 0
Q | 0
R | 5
S | 0
T | 0
U | 0
V | 0
W | 0
X | 0
Y | 0
Z | 5
00000
Case #38: A | 0
B | 0
C | 0
D | 0
E | 3
F | 0
G | 1
H | 1
I | 3
J | 0
K | 0
L | 0
M | 0
N | 4
O | 1
P | 0
Q | 0
R | 0
S | 0
T | 2
U | 0
V | 0
W | 1
X | 0
Y | 0
Z | 0
189
Case #39: A | 0
B | 0
C | 0
D | 0
E | 5
F | 0
G | 0
H | 0
I | 2
J | 0
K | 0
L | 0
M | 0
N | 6
O | 1
P | 0
Q | 0
R | 0
S | 1
T | 0
U | 0
V | 1
W | 0
X | 0
Y | 0
Z | 0
1799
Case #40: A | 0
B | 0
C | 0
D | 0
E | 2
F | 0
G | 0
H | 0
I | 1
J | 0
K | 0
L | 0
M | 0
N | 1
O | 0
P | 0
Q | 0
R | 0
S | 2
T | 0
U | 0
V | 1
W | 0
X | 1
Y | 0
Z | 0
67
Case #41: A | 0
B | 0
C | 0
D | 0
E | 2
F | 0
G | 0
H | 0
I | 0
J | 0
K | 0
L | 0
M | 0
N | 1
O | 0
P | 0
Q | 0
R | 0
S | 1
T | 0
U | 0
V | 1
W | 0
X | 0
Y | 0
Z | 0
7
Case #42: A | 0
B | 0
C | 0
D | 0
E | 3
F | 2
G | 0
H | 0
I | 2
J | 0
K | 0
L | 0
M | 0
N | 1
O | 1
P | 0
Q | 0
R | 1
S | 2
T | 0
U | 1
V | 2
W | 0
X | 1
Y | 0
Z | 0
155
Case #43: A | 0
B | 0
C | 0
D | 0
E | 1
F | 0
G | 0
H | 0
I | 1
J | 0
K | 0
L | 0
M | 0
N | 2
O | 0
P | 0
Q | 0
R | 0
S | 0
T | 0
U | 0
V | 0
W | 0
X | 0
Y | 0
Z | 0
9
Case #44: A | 0
B | 0
C | 0
D | 0
E | 2
F | 1
G | 0
H | 1
I | 0
J | 0
K | 0
L | 0
M | 0
N | 0
O | 2
P | 0
Q | 0
R | 2
S | 0
T | 2
U | 1
V | 0
W | 1
X | 0
Y | 0
Z | 0
234
Case #45: A | 0
B | 0
C | 0
D | 0
E | 3
F | 1
G | 0
H | 0
I | 3
J | 0
K | 0
L | 0
M | 0
N | 2
O | 2
P | 0
Q | 0
R | 1
S | 1
T | 1
U | 0
V | 1
W | 1
X | 1
Y | 0
Z | 1
0156
Case #46: A | 0
B | 0
C | 0
D | 0
E | 2
F | 1
G | 0
H | 0
I | 1
J | 0
K | 0
L | 0
M | 0
N | 1
O | 1
P | 0
Q | 0
R | 1
S | 2
T | 0
U | 1
V | 1
W | 0
X | 1
Y | 0
Z | 0
15
Case #47: A | 0
B | 0
C | 0
D | 0
E | 1
F | 2
G | 0
H | 0
I | 1
J | 0
K | 0
L | 0
M | 0
N | 0
O | 1
P | 0
Q | 0
R | 1
S | 0
T | 0
U | 1
V | 1
W | 0
X | 0
Y | 0
Z | 0
45
Case #48: A | 0
B | 0
C | 0
D | 0
E | 5
F | 0
G | 0
H | 0
I | 1
J | 0
K | 0
L | 0
M | 0
N | 5
O | 2
P | 0
Q | 0
R | 0
S | 1
T | 0
U | 0
V | 1
W | 0
X | 0
Y | 0
Z | 0
1179
Case #49: A | 0
B | 0
C | 0
D | 0
E | 2
F | 1
G | 0
H | 0
I | 2
J | 0
K | 0
L | 0
M | 0
N | 2
O | 3
P | 0
Q | 0
R | 2
S | 1
T | 1
U | 1
V | 0
W | 1
X | 1
Y | 0
Z | 1
0126
Case #50: A | 0
B | 0
C | 0
D | 0
E | 1
F | 2
G | 0
H | 0
I | 0
J | 0
K | 0
L | 0
M | 0
N | 0
O | 5
P | 0
Q | 0
R | 3
S | 0
T | 2
U | 2
V | 0
W | 2
X | 0
Y | 0
Z | 1
02244
Case #51: A | 0
B | 0
C | 0
D | 0
E | 0
F | 0
G | 0
H | 0
I | 0
J | 0
K | 0
L | 0
M | 0
N | 0
O | 1
P | 0
Q | 0
R | 0
S | 0
T | 1
U | 0
V | 0
W | 1
X | 0
Y | 0
Z | 0
2
Case #52: A | 0
B | 0
C | 0
D | 0
E | 2
F | 1
G | 0
H | 0
I | 3
J | 0
K | 0
L | 0
M | 0
N | 2
O | 0
P | 0
Q | 0
R | 0
S | 1
T | 0
U | 0
V | 1
W | 0
X | 1
Y | 0
Z | 0
569
Case #53: A | 0
B | 0
C | 0
D | 0
E | 5
F | 0
G | 0
H | 0
I | 2
J | 0
K | 0
L | 0
M | 0
N | 4
O | 0
P | 0
Q | 0
R | 0
S | 3
T | 0
U | 0
V | 2
W | 0
X | 1
Y | 0
Z | 0
6779
Case #54: A | 0
B | 0
C | 0
D | 0
E | 3
F | 1
G | 0
H | 0
I | 0
J | 0
K | 0
L | 0
M | 0
N | 1
O | 3
P | 0
Q | 0
R | 2
S | 1
T | 1
U | 1
V | 1
W | 1
X | 0
Y | 0
Z | 1
012
Case #55: A | 0
B | 0
C | 0
D | 0
E | 5
F | 0
G | 0
H | 0
I | 4
J | 0
K | 0
L | 0
M | 0
N | 9
O | 1
P | 0
Q | 0
R | 0
S | 0
T | 0
U | 0
V | 0
W | 0
X | 0
Y | 0
Z | 0
19999
Case #56: A | 0
B | 0
C | 0
D | 0
E | 3
F | 0
G | 0
H | 1
I | 1
J | 0
K | 0
L | 0
M | 0
N | 0
O | 1
P | 0
Q | 0
R | 2
S | 1
T | 1
U | 0
V | 0
W | 0
X | 1
Y | 0
Z | 1
036
Case #57: A | 0
B | 0
C | 0
D | 0
E | 1
F | 1
G | 0
H | 0
I | 1
J | 0
K | 0
L | 0
M | 0
N | 2
O | 1
P | 0
Q | 0
R | 1
S | 0
T | 0
U | 1
V | 0
W | 0
X | 0
Y | 0
Z | 0
1
Case #58: A | 0
B | 0
C | 0
D | 0
E | 3
F | 0
G | 1
H | 1
I | 2
J | 0
K | 0
L | 0
M | 0
N | 2
O | 1
P | 0
Q | 0
R | 1
S | 0
T | 1
U | 0
V | 0
W | 0
X | 0
Y | 0
Z | 1
089
Case #59: A | 0
B | 0
C | 0
D | 0
E | 1
F | 0
G | 1
H | 1
I | 1
J | 0
K | 0
L | 0
M | 0
N | 0
O | 1
P | 0
Q | 0
R | 0
S | 0
T | 2
U | 0
V | 0
W | 1
X | 0
Y | 0
Z | 0
28
Case #60: A | 0
B | 0
C | 0
D | 0
E | 5
F | 0
G | 0
H | 0
I | 2
J | 0
K | 0
L | 0
M | 0
N | 7
O | 3
P | 0
Q | 0
R | 0
S | 0
T | 0
U | 0
V | 0
W | 0
X | 0
Y | 0
Z | 0
11199
Case #61: A | 0
B | 0
C | 0
D | 0
E | 2
F | 2
G | 0
H | 0
I | 3
J | 0
K | 0
L | 0
M | 0
N | 2
O | 1
P | 0
Q | 0
R | 1
S | 1
T | 0
U | 1
V | 1
W | 0
X | 1
Y | 0
Z | 0
156
Case #62: A | 0
B | 0
C | 0
D | 0
E | 2
F | 0
G | 0
H | 0
I | 2
J | 0
K | 0
L | 0
M | 0
N | 2
O | 2
P | 0
Q | 0
R | 0
S | 2
T | 0
U | 0
V | 0
W | 0
X | 2
Y | 0
Z | 0
1166
Case #63: A | 0
B | 0
C | 0
D | 0
E | 3
F | 0
G | 0
H | 0
I | 1
J | 0
K | 0
L | 0
M | 0
N | 3
O | 2
P | 0
Q | 0
R | 1
S | 0
T | 0
U | 0
V | 0
W | 0
X | 0
Y | 0
Z | 1
019
Case #64: A | 0
B | 0
C | 0
D | 0
E | 5
F | 0
G | 0
H | 0
I | 1
J | 0
K | 0
L | 0
M | 0
N | 6
O | 4
P | 0
Q | 0
R | 0
S | 0
T | 0
U | 0
V | 0
W | 0
X | 0
Y | 0
Z | 0
11119
Case #65: A | 0
B | 0
C | 0
D | 0
E | 3
F | 2
G | 0
H | 0
I | 2
J | 0
K | 0
L | 0
M | 0
N | 2
O | 2
P | 0
Q | 0
R | 2
S | 0
T | 0
U | 1
V | 1
W | 0
X | 0
Y | 0
Z | 1
015
Case #66: A | 0
B | 0
C | 0
D | 0
E | 2
F | 0
G | 0
H | 0
I | 1
J | 0
K | 0
L | 0
M | 0
N | 3
O | 1
P | 0
Q | 0
R | 0
S | 0
T | 0
U | 0
V | 0
W | 0
X | 0
Y | 0
Z | 0
19
Case #67: A | 0
B | 0
C | 0
D | 0
E | 5
F | 0
G | 0
H | 0
I | 0
J | 0
K | 0
L | 0
M | 0
N | 5
O | 5
P | 0
Q | 0
R | 0
S | 0
T | 0
U | 0
V | 0
W | 0
X | 0
Y | 0
Z | 0
11111
Case #68: A | 0
B | 0
C | 0
D | 0
E | 2
F | 0
G | 0
H | 0
I | 0
J | 0
K | 0
L | 0
M | 0
N | 2
O | 6
P | 0
Q | 0
R | 0
S | 0
T | 4
U | 0
V | 0
W | 4
X | 0
Y | 0
Z | 0
112222
Case #69: A | 0
B | 0
C | 0
D | 0
E | 2
F | 0
G | 0
H | 0
I | 0
J | 0
K | 0
L | 0
M | 0
N | 1
O | 0
P | 0
Q | 0
R | 0
S | 1
T | 0
U | 0
V | 1
W | 0
X | 0
Y | 0
Z | 0
7
Case #70: A | 0
B | 0
C | 0
D | 0
E | 4
F | 0
G | 1
H | 1
I | 1
J | 0
K | 0
L | 0
M | 0
N | 2
O | 2
P | 0
Q | 0
R | 0
S | 1
T | 2
U | 0
V | 1
W | 1
X | 0
Y | 0
Z | 0
118
Case #71: A | 0
B | 0
C | 0
D | 0
E | 3
F | 4
G | 0
H | 0
I | 3
J | 0
K | 0
L | 0
M | 0
N | 0
O | 1
P | 0
Q | 0
R | 1
S | 0
T | 0
U | 1
V | 3
W | 0
X | 0
Y | 0
Z | 0
4555
Case #72: A | 0
B | 0
C | 0
D | 0
E | 3
F | 0
G | 0
H | 1
I | 0
J | 0
K | 0
L | 0
M | 0
N | 0
O | 1
P | 0
Q | 0
R | 2
S | 0
T | 1
U | 0
V | 0
W | 0
X | 0
Y | 0
Z | 1
03
Case #73: A | 0
B | 0
C | 0
D | 0
E | 3
F | 0
G | 0
H | 0
I | 1
J | 0
K | 0
L | 0
M | 0
N | 4
O | 3
P | 0
Q | 0
R | 0
S | 0
T | 1
U | 0
V | 0
W | 1
X | 0
Y | 0
Z | 0
111
Case #74: A | 0
B | 0
C | 0
D | 0
E | 4
F | 2
G | 0
H | 0
I | 2
J | 0
K | 0
L | 0
M | 0
N | 2
O | 4
P | 0
Q | 0
R | 0
S | 0
T | 2
U | 0
V | 2
W | 2
X | 0
Y | 0
Z | 0
112255
Case #75: A | 0
B | 0
C | 0
D | 0
E | 6
F | 0
G | 0
H | 0
I | 1
J | 0
K | 0
L | 0
M | 0
N | 5
O | 1
P | 0
Q | 0
R | 0
S | 2
T | 0
U | 0
V | 2
W | 0
X | 0
Y | 0
Z | 0
1779
Case #76: A | 0
B | 0
C | 0
D | 0
E | 2
F | 0
G | 0
H | 0
I | 1
J | 0
K | 0
L | 0
M | 0
N | 2
O | 2
P | 0
Q | 0
R | 0
S | 1
T | 0
U | 0
V | 0
W | 0
X | 1
Y | 0
Z | 0
116
Case #77: A | 0
B | 0
C | 0
D | 0
E | 5
F | 0
G | 0
H | 0
I | 0
J | 0
K | 0
L | 0
M | 0
N | 4
O | 5
P | 0
Q | 0
R | 0
S | 1
T | 2
U | 0
V | 1
W | 2
X | 0
Y | 0
Z | 0
11112
Case #78: A | 0
B | 0
C | 0
D | 0
E | 5
F | 0
G | 1
H | 2
I | 1
J | 0
K | 0
L | 0
M | 0
N | 1
O | 0
P | 0
Q | 0
R | 1
S | 1
T | 2
U | 0
V | 1
W | 0
X | 0
Y | 0
Z | 0
378
Case #79: A | 0
B | 0
C | 0
D | 0
E | 3
F | 1
G | 0
H | 0
I | 0
J | 0
K | 0
L | 0
M | 0
N | 2
O | 2
P | 0
Q | 0
R | 1
S | 1
T | 0
U | 1
V | 1
W | 0
X | 0
Y | 0
Z | 0
11
Case #80: A | 0
B | 0
C | 0
D | 0
E | 0
F | 0
G | 0
H | 0
I | 1
J | 0
K | 0
L | 0
M | 0
N | 0
O | 0
P | 0
Q | 0
R | 0
S | 1
T | 0
U | 0
V | 0
W | 0
X | 1
Y | 0
Z | 0
6
Case #81: A | 0
B | 0
C | 0
D | 0
E | 1
F | 1
G | 0
H | 0
I | 0
J | 0
K | 0
L | 0
M | 0
N | 1
O | 2
P | 0
Q | 0
R | 1
S | 0
T | 0
U | 1
V | 0
W | 0
X | 0
Y | 0
Z | 0
14
Case #82: A | 0
B | 0
C | 0
D | 0
E | 6
F | 0
G | 0
H | 0
I | 0
J | 0
K | 0
L | 0
M | 0
N | 6
O | 6
P | 0
Q | 0
R | 0
S | 0
T | 0
U | 0
V | 0
W | 0
X | 0
Y | 0
Z | 0
111111
Case #83: A | 0
B | 0
C | 0
D | 0
E | 2
F | 0
G | 0
H | 1
I | 0
J | 0
K | 0
L | 0
M | 0
N | 0
O | 0
P | 0
Q | 0
R | 1
S | 0
T | 1
U | 0
V | 0
W | 0
X | 0
Y | 0
Z | 0
3
Case #84: A | 0
B | 0
C | 0
D | 0
E | 2
F | 0
G | 0
H | 0
I | 0
J | 0
K | 0
L | 0
M | 0
N | 1
O | 2
P | 0
Q | 0
R | 1
S | 0
T | 0
U | 0
V | 0
W | 0
X | 0
Y | 0
Z | 1
01
Case #85: A | 0
B | 0
C | 0
D | 0
E | 4
F | 1
G | 1
H | 1
I | 2
J | 0
K | 0
L | 0
M | 0
N | 3
O | 1
P | 0
Q | 0
R | 1
S | 1
T | 1
U | 1
V | 1
W | 0
X | 0
Y | 0
Z | 0
135
Case #86: A | 0
B | 0
C | 0
D | 0
E | 2
F | 0
G | 0
H | 0
I | 0
J | 0
K | 0
L | 0
M | 0
N | 1
O | 0
P | 0
Q | 0
R | 0
S | 1
T | 0
U | 0
V | 1
W | 0
X | 0
Y | 0
Z | 0
7
Case #87: A | 0
B | 0
C | 0
D | 0
E | 2
F | 0
G | 1
H | 1
I | 1
J | 0
K | 0
L | 0
M | 0
N | 1
O | 1
P | 0
Q | 0
R | 0
S | 0
T | 1
U | 0
V | 0
W | 0
X | 0
Y | 0
Z | 0
18
Case #88: A | 0
B | 0
C | 0
D | 0
E | 2
F | 0
G | 0
H | 1
I | 0
J | 0
K | 0
L | 0
M | 0
N | 0
O | 0
P | 0
Q | 0
R | 1
S | 0
T | 1
U | 0
V | 0
W | 0
X | 0
Y | 0
Z | 0
3
Case #89: A | 0
B | 0
C | 0
D | 0
E | 1
F | 0
G | 0
H | 0
I | 0
J | 0
K | 0
L | 0
M | 0
N | 0
O | 1
P | 0
Q | 0
R | 1
S | 0
T | 0
U | 0
V | 0
W | 0
X | 0
Y | 0
Z | 1
0
Case #90: A | 0
B | 0
C | 0
D | 0
E | 4
F | 0
G | 2
H | 2
I | 3
J | 0
K | 0
L | 0
M | 0
N | 1
O | 0
P | 0
Q | 0
R | 0
S | 2
T | 2
U | 0
V | 1
W | 0
X | 1
Y | 0
Z | 0
6788
Case #91: A | 0
B | 0
C | 0
D | 0
E | 0
F | 0
G | 0
H | 0
I | 0
J | 0
K | 0
L | 0
M | 0
N | 0
O | 6
P | 0
Q | 0
R | 0
S | 0
T | 6
U | 0
V | 0
W | 6
X | 0
Y | 0
Z | 0
222222
Case #92: A | 0
B | 0
C | 0
D | 0
E | 5
F | 0
G | 0
H | 0
I | 5
J | 0
K | 0
L | 0
M | 0
N | 10
O | 0
P | 0
Q | 0
R | 0
S | 0
T | 0
U | 0
V | 0
W | 0
X | 0
Y | 0
Z | 0
99999
Case #93: A | 0
B | 0
C | 0
D | 0
E | 4
F | 1
G | 1
H | 2
I | 1
J | 0
K | 0
L | 0
M | 0
N | 1
O | 2
P | 0
Q | 0
R | 2
S | 0
T | 2
U | 1
V | 0
W | 0
X | 0
Y | 0
Z | 0
1348
Case #94: A | 0
B | 0
C | 0
D | 0
E | 4
F | 1
G | 0
H | 0
I | 3
J | 0
K | 0
L | 0
M | 0
N | 3
O | 0
P | 0
Q | 0
R | 0
S | 2
T | 0
U | 0
V | 2
W | 0
X | 1
Y | 0
Z | 0
5679
Case #95: A | 0
B | 0
C | 0
D | 0
E | 2
F | 1
G | 1
H | 1
I | 1
J | 0
K | 0
L | 0
M | 0
N | 1
O | 2
P | 0
Q | 0
R | 1
S | 0
T | 1
U | 1
V | 0
W | 0
X | 0
Y | 0
Z | 0
148
Case #96: A | 0
B | 0
C | 0
D | 0
E | 3
F | 0
G | 0
H | 0
I | 2
J | 0
K | 0
L | 0
M | 0
N | 4
O | 2
P | 0
Q | 0
R | 0
S | 1
T | 0
U | 0
V | 0
W | 0
X | 1
Y | 0
Z | 0
1169
Case #97: A | 0
B | 0
C | 0
D | 0
E | 5
F | 0
G | 0
H | 0
I | 0
J | 0
K | 0
L | 0
M | 0
N | 1
O | 5
P | 0
Q | 0
R | 4
S | 0
T | 0
U | 0
V | 0
W | 0
X | 0
Y | 0
Z | 4
00001
Case #98: A | 0
B | 0
C | 0
D | 0
E | 4
F | 0
G | 1
H | 2
I | 1
J | 0
K | 0
L | 0
M | 0
N | 0
O | 1
P | 0
Q | 0
R | 2
S | 0
T | 2
U | 0
V | 0
W | 0
X | 0
Y | 0
Z | 1
038
Case #99: A | 0
B | 0
C | 0
D | 0
E | 0
F | 0
G | 0
H | 0
I | 1
J | 0
K | 0
L | 0
M | 0
N | 0
O | 0
P | 0
Q | 0
R | 0
S | 1
T | 0
U | 0
V | 0
W | 0
X | 1
Y | 0
Z | 0
6
Case #100: A | 0
B | 0
C | 0
D | 0
E | 2
F | 3
G | 0
H | 0
I | 1
J | 0
K | 0
L | 0
M | 0
N | 1
O | 3
P | 0
Q | 0
R | 2
S | 0
T | 0
U | 2
V | 1
W | 0
X | 0
Y | 0
Z | 0
1445
